2025-11-06 09:40:55 [TestNG-PoolService-1] INFO  com.cheq.demo_webshop.hooks.Hooks - Starting scenario: Login
2025-11-06 09:40:56 [TestNG-PoolService-1] INFO  com.cheq.demo_webshop.utils.ElementActionUtils - Clicked on element: By.xpath: //a[text()='Log in']
2025-11-06 09:40:56 [TestNG-PoolService-1] INFO  com.cheq.demo_webshop.utils.ElementActionUtils - Entered text in element: By.id: Email - Text: fornis@email.com
2025-11-06 09:40:56 [TestNG-PoolService-1] INFO  com.cheq.demo_webshop.utils.ElementActionUtils - Entered text in element: By.id: Password - Text: james123
2025-11-06 09:40:59 [TestNG-PoolService-1] INFO  com.cheq.demo_webshop.utils.ElementActionUtils - Clicked on element: By.xpath: //input[@value='Log in']
2025-11-06 09:40:59 [TestNG-PoolService-1] INFO  com.cheq.demo_webshop.utils.ElementActionUtils - Element is displayed: By.cssSelector: .ico-logout
2025-11-06 09:41:01 [TestNG-PoolService-1] INFO  com.cheq.demo_webshop.utils.ElementActionUtils - Clicked on element: By.cssSelector: .ico-logout
2025-11-06 09:41:01 [TestNG-PoolService-1] INFO  com.cheq.demo_webshop.utils.ElementActionUtils - Element is displayed: By.cssSelector: .ico-login
2025-11-06 09:41:28 [TestNG-PoolService-1] INFO  com.cheq.demo_webshop.hooks.Hooks - Starting scenario: Register
2025-11-06 09:41:29 [TestNG-PoolService-1] INFO  com.cheq.demo_webshop.utils.ElementActionUtils - Element is displayed: By.cssSelector: .ico-register
2025-11-06 09:41:30 [TestNG-PoolService-1] INFO  com.cheq.demo_webshop.utils.ElementActionUtils - Clicked on element: By.cssSelector: .ico-register
2025-11-06 09:41:30 [TestNG-PoolService-1] INFO  com.cheq.demo_webshop.utils.ElementActionUtils - Entered text in element: By.xpath: //input[@id='FirstName'] - Text: Barbie
2025-11-06 09:41:30 [TestNG-PoolService-1] INFO  com.cheq.demo_webshop.utils.ElementActionUtils - Entered text in element: By.xpath: //input[@id='LastName'] - Text: Jaytos
2025-11-06 09:41:30 [TestNG-PoolService-1] INFO  com.cheq.demo_webshop.utils.ElementActionUtils - Entered text in element: By.xpath: //input[@id='Email'] - Text: bjoynsossn0s23@last.fm
2025-11-06 09:41:31 [TestNG-PoolService-1] INFO  com.cheq.demo_webshop.utils.ElementActionUtils - Entered text in element: By.xpath: //input[@id='Password'] - Text: wteJWX
2025-11-06 09:41:31 [TestNG-PoolService-1] INFO  com.cheq.demo_webshop.utils.ElementActionUtils - Entered text in element: By.xpath: //input[@id='ConfirmPassword'] - Text: wteJWX
2025-11-06 09:41:32 [TestNG-PoolService-1] INFO  com.cheq.demo_webshop.utils.ElementActionUtils - Clicked on element: By.xpath: //input[@id='register-button']
2025-11-06 09:41:32 [TestNG-PoolService-1] INFO  com.cheq.demo_webshop.utils.ElementActionUtils - Element is displayed: By.xpath: //div[@class='result' and contains(text(),'Your registration completed')]
2025-11-06 09:52:18 [TestNG-PoolService-1] INFO  com.cheq.demo_webshop.hooks.Hooks - Starting scenario: Validate added product
2025-11-06 09:52:20 [TestNG-PoolService-1] INFO  com.cheq.demo_webshop.utils.ElementActionUtils - Clicked on element: By.xpath: //a[text()='Log in']
2025-11-06 09:52:20 [TestNG-PoolService-1] INFO  com.cheq.demo_webshop.utils.ElementActionUtils - Entered text in element: By.id: Email - Text: fornis@email.com
2025-11-06 09:52:20 [TestNG-PoolService-1] INFO  com.cheq.demo_webshop.utils.ElementActionUtils - Entered text in element: By.id: Password - Text: james123
2025-11-06 09:52:22 [TestNG-PoolService-1] INFO  com.cheq.demo_webshop.utils.ElementActionUtils - Clicked on element: By.xpath: //input[@value='Log in']
2025-11-06 09:52:22 [TestNG-PoolService-1] INFO  com.cheq.demo_webshop.utils.ElementActionUtils - Element is displayed: By.cssSelector: .ico-logout
2025-11-06 09:52:27 [TestNG-PoolService-1] ERROR com.cheq.demo_webshop.utils.ElementActionUtils - Element is not displayed: By.xpath: //a[text()='Fiction']
2025-11-06 09:52:28 [TestNG-PoolService-1] ERROR io.qameta.allure.AllureLifecycle - Could not update step: step with uuid 21cc3bec-a4ff-402c-b61c-330db84b5746 not found
2025-11-06 09:52:31 [TestNG-PoolService-1] INFO  com.cheq.demo_webshop.hooks.Hooks - Starting scenario: Validate added product
2025-11-06 09:54:13 [TestNG-PoolService-1] INFO  com.cheq.demo_webshop.hooks.Hooks - Starting scenario: Validate added product
2025-11-06 09:54:14 [TestNG-PoolService-1] INFO  com.cheq.demo_webshop.utils.ElementActionUtils - Clicked on element: By.xpath: //a[text()='Log in']
2025-11-06 09:54:15 [TestNG-PoolService-1] INFO  com.cheq.demo_webshop.utils.ElementActionUtils - Entered text in element: By.id: Email - Text: fornis@email.com
2025-11-06 09:54:15 [TestNG-PoolService-1] INFO  com.cheq.demo_webshop.utils.ElementActionUtils - Entered text in element: By.id: Password - Text: james123
2025-11-06 09:54:16 [TestNG-PoolService-1] INFO  com.cheq.demo_webshop.utils.ElementActionUtils - Clicked on element: By.xpath: //input[@value='Log in']
2025-11-06 09:54:16 [TestNG-PoolService-1] INFO  com.cheq.demo_webshop.utils.ElementActionUtils - Element is displayed: By.cssSelector: .ico-logout
2025-11-06 09:54:22 [TestNG-PoolService-1] ERROR com.cheq.demo_webshop.utils.ElementActionUtils - Element is not displayed: By.xpath: //a[text()='Fiction']
2025-11-06 09:54:22 [TestNG-PoolService-1] ERROR io.qameta.allure.AllureLifecycle - Could not update step: step with uuid ec6c523d-94ac-4403-880d-6845fbc1ba23 not found
2025-11-06 09:54:28 [TestNG-PoolService-1] INFO  com.cheq.demo_webshop.hooks.Hooks - Starting scenario: Validate added product
2025-11-06 09:54:29 [TestNG-PoolService-1] INFO  com.cheq.demo_webshop.utils.ElementActionUtils - Clicked on element: By.xpath: //a[text()='Log in']
2025-11-06 09:54:29 [TestNG-PoolService-1] INFO  com.cheq.demo_webshop.utils.ElementActionUtils - Entered text in element: By.id: Email - Text: fornis@email.com
2025-11-06 09:54:29 [TestNG-PoolService-1] INFO  com.cheq.demo_webshop.utils.ElementActionUtils - Entered text in element: By.id: Password - Text: james123
2025-11-06 09:54:29 [TestNG-PoolService-1] INFO  com.cheq.demo_webshop.utils.ElementActionUtils - Clicked on element: By.xpath: //input[@value='Log in']
2025-11-06 09:54:30 [TestNG-PoolService-1] INFO  com.cheq.demo_webshop.utils.ElementActionUtils - Element is displayed: By.cssSelector: .ico-logout
2025-11-06 09:54:36 [TestNG-PoolService-1] ERROR com.cheq.demo_webshop.utils.ElementActionUtils - Element is not displayed: By.xpath: //a[text()='Fiction']
2025-11-06 09:54:36 [TestNG-PoolService-1] ERROR io.qameta.allure.AllureLifecycle - Could not update step: step with uuid 6ae4a85a-ee28-4f27-9c13-92d7f1a0b647 not found
2025-11-06 09:54:41 [TestNG-PoolService-1] INFO  com.cheq.demo_webshop.hooks.Hooks - Starting scenario: Validate added product
2025-11-06 09:54:41 [TestNG-PoolService-1] INFO  com.cheq.demo_webshop.utils.ElementActionUtils - Clicked on element: By.xpath: //a[text()='Log in']
2025-11-06 09:54:41 [TestNG-PoolService-1] INFO  com.cheq.demo_webshop.utils.ElementActionUtils - Entered text in element: By.id: Email - Text: fornis@email.com
2025-11-06 09:54:41 [TestNG-PoolService-1] INFO  com.cheq.demo_webshop.utils.ElementActionUtils - Entered text in element: By.id: Password - Text: james123
2025-11-06 09:54:43 [TestNG-PoolService-1] INFO  com.cheq.demo_webshop.utils.ElementActionUtils - Clicked on element: By.xpath: //input[@value='Log in']
2025-11-06 09:54:43 [TestNG-PoolService-1] INFO  com.cheq.demo_webshop.utils.ElementActionUtils - Element is displayed: By.cssSelector: .ico-logout
2025-11-06 09:54:48 [TestNG-PoolService-1] ERROR com.cheq.demo_webshop.utils.ElementActionUtils - Element is not displayed: By.xpath: //a[text()='Fiction']
2025-11-06 09:54:49 [TestNG-PoolService-1] ERROR io.qameta.allure.AllureLifecycle - Could not update step: step with uuid 0891764e-8169-4517-9945-0a717d189d8e not found
2025-11-06 09:54:53 [TestNG-PoolService-1] INFO  com.cheq.demo_webshop.hooks.Hooks - Starting scenario: Validate added product
2025-11-06 09:55:13 [TestNG-PoolService-1] ERROR com.cheq.demo_webshop.utils.ElementActionUtils - Failed to click on element: By.xpath: //a[text()='Log in']
org.openqa.selenium.TimeoutException: Expected condition failed: waiting for element to be clickable: By.xpath: //a[text()='Log in'] (tried for 20 second(s) with 500 milliseconds interval)
	at org.openqa.selenium.support.ui.WebDriverWait.timeoutException(WebDriverWait.java:84)
	at org.openqa.selenium.support.ui.FluentWait.until(FluentWait.java:228)
	at com.cheq.demo_webshop.utils.WaitUtil.waitForElementClickable(WaitUtil.java:53)
	at com.cheq.demo_webshop.utils.ElementActionUtils.clickElement(ElementActionUtils.java:25)
	at com.cheq.demo_webshop.pages.components.HeaderComponent.clickLoginLink(HeaderComponent.java:26)
	at com.cheq.demo_webshop.stepdefinitions.LoginSteps.user_navigate_to_webshop_login_page(LoginSteps.java:32)
	at java.base/jdk.internal.reflect.DirectMethodHandleAccessor.invoke(DirectMethodHandleAccessor.java:104)
	at java.base/java.lang.reflect.Method.invoke(Method.java:565)
	at io.cucumber.java.Invoker.doInvoke(Invoker.java:66)
	at io.cucumber.java.Invoker.invoke(Invoker.java:24)
	at io.cucumber.java.AbstractGlueDefinition.invokeMethod(AbstractGlueDefinition.java:47)
	at io.cucumber.java.JavaStepDefinition.execute(JavaStepDefinition.java:29)
	at io.cucumber.core.runner.CoreStepDefinition.execute(CoreStepDefinition.java:66)
	at io.cucumber.core.runner.PickleStepDefinitionMatch.runStep(PickleStepDefinitionMatch.java:62)
	at io.cucumber.core.runner.ExecutionMode$1.execute(ExecutionMode.java:10)
	at io.cucumber.core.runner.TestStep.executeStep(TestStep.java:81)
	at io.cucumber.core.runner.TestStep.run(TestStep.java:53)
	at io.cucumber.core.runner.PickleStepTestStep.run(PickleStepTestStep.java:51)
	at io.cucumber.core.runner.TestCase.run(TestCase.java:84)
	at io.cucumber.core.runner.Runner.runPickle(Runner.java:75)
	at io.cucumber.testng.TestNGCucumberRunner.lambda$runScenario$1(TestNGCucumberRunner.java:132)
	at io.cucumber.core.runtime.CucumberExecutionContext.lambda$runTestCase$5(CucumberExecutionContext.java:136)
	at io.cucumber.core.runtime.RethrowingThrowableCollector.executeAndThrow(RethrowingThrowableCollector.java:23)
	at io.cucumber.core.runtime.CucumberExecutionContext.runTestCase(CucumberExecutionContext.java:136)
	at io.cucumber.testng.TestNGCucumberRunner.runScenario(TestNGCucumberRunner.java:129)
	at io.cucumber.testng.AbstractTestNGCucumberTests.runScenario(AbstractTestNGCucumberTests.java:35)
	at com.cheq.demo_webshop.testrunner.TestRunner.runScenario(TestRunner.java:30)
	at java.base/jdk.internal.reflect.DirectMethodHandleAccessor.invoke(DirectMethodHandleAccessor.java:104)
	at java.base/java.lang.reflect.Method.invoke(Method.java:565)
	at org.testng.internal.invokers.MethodInvocationHelper.invokeMethod(MethodInvocationHelper.java:141)
	at org.testng.internal.invokers.TestInvoker.invokeMethod(TestInvoker.java:686)
	at org.testng.internal.invokers.TestInvoker.invokeTestMethod(TestInvoker.java:230)
	at org.testng.internal.invokers.TestMethodWithDataProviderMethodWorker.call(TestMethodWithDataProviderMethodWorker.java:81)
	at org.testng.internal.thread.Async$AsyncTask.run(Async.java:34)
	at java.base/java.util.concurrent.ThreadPoolExecutor.runWorker(ThreadPoolExecutor.java:1095)
	at java.base/java.util.concurrent.ThreadPoolExecutor$Worker.run(ThreadPoolExecutor.java:619)
	at java.base/java.lang.Thread.run(Thread.java:1447)
Caused by: org.openqa.selenium.NoSuchWindowException: no such window: target window already closed
from unknown error: web view not found
  (Session info: chrome=142.0.7444.60)
Build info: version: '4.27.0', revision: 'd6e718d134'
System info: os.name: 'Windows 11', os.arch: 'amd64', os.version: '10.0', java.version: '24.0.2'
Driver info: org.openqa.selenium.chrome.ChromeDriver
Command: [28d704dae8fa2e6cd9e6fe0f099f3b17, findElement {using=xpath, value=//a[text()='Log in']}]
Capabilities {acceptInsecureCerts: false, browserName: chrome, browserVersion: 142.0.7444.60, chrome: {chromedriverVersion: 142.0.7444.61 (9884f628acbc..., userDataDir: C:\Users\JASONS~1\AppData\L...}, fedcm:accounts: true, goog:chromeOptions: {debuggerAddress: localhost:62097}, goog:processID: 1368, networkConnectionEnabled: false, pageLoadStrategy: normal, platformName: windows, proxy: Proxy(), se:cdp: ws://localhost:62097/devtoo..., se:cdpVersion: 142.0.7444.60, setWindowRect: true, strictFileInteractability: false, timeouts: {implicit: 0, pageLoad: 300000, script: 30000}, unhandledPromptBehavior: dismiss and notify, webauthn:extension:credBlob: true, webauthn:extension:largeBlob: true, webauthn:extension:minPinLength: true, webauthn:extension:prf: true, webauthn:virtualAuthenticators: true}
Session ID: 28d704dae8fa2e6cd9e6fe0f099f3b17
	at java.base/jdk.internal.reflect.DirectConstructorHandleAccessor.newInstance(DirectConstructorHandleAccessor.java:62)
	at java.base/java.lang.reflect.Constructor.newInstanceWithCaller(Constructor.java:499)
	at java.base/java.lang.reflect.Constructor.newInstance(Constructor.java:483)
	at org.openqa.selenium.remote.ErrorCodec.decode(ErrorCodec.java:167)
	at org.openqa.selenium.remote.codec.w3c.W3CHttpResponseCodec.decode(W3CHttpResponseCodec.java:138)
	at org.openqa.selenium.remote.codec.w3c.W3CHttpResponseCodec.decode(W3CHttpResponseCodec.java:50)
	at org.openqa.selenium.remote.HttpCommandExecutor.execute(HttpCommandExecutor.java:190)
	at org.openqa.selenium.remote.service.DriverCommandExecutor.invokeExecute(DriverCommandExecutor.java:216)
	at org.openqa.selenium.remote.service.DriverCommandExecutor.execute(DriverCommandExecutor.java:174)
	at org.openqa.selenium.remote.RemoteWebDriver.execute(RemoteWebDriver.java:545)
	at org.openqa.selenium.remote.ElementLocation$ElementFinder$2.findElement(ElementLocation.java:165)
	at org.openqa.selenium.remote.ElementLocation.findElement(ElementLocation.java:59)
	at org.openqa.selenium.remote.RemoteWebDriver.findElement(RemoteWebDriver.java:368)
	at org.openqa.selenium.remote.RemoteWebDriver.findElement(RemoteWebDriver.java:362)
	at org.openqa.selenium.support.ui.ExpectedConditions$7.apply(ExpectedConditions.java:194)
	at org.openqa.selenium.support.ui.ExpectedConditions$7.apply(ExpectedConditions.java:190)
	at org.openqa.selenium.support.ui.ExpectedConditions$22.apply(ExpectedConditions.java:627)
	at org.openqa.selenium.support.ui.ExpectedConditions$22.apply(ExpectedConditions.java:624)
	at org.openqa.selenium.support.ui.FluentWait.until(FluentWait.java:203)
	... 35 more
2025-11-06 09:56:50 [TestNG-PoolService-1] INFO  com.cheq.demo_webshop.hooks.Hooks - Starting scenario: Validate added product
2025-11-06 09:56:51 [TestNG-PoolService-1] INFO  com.cheq.demo_webshop.utils.ElementActionUtils - Clicked on element: By.xpath: //a[text()='Log in']
2025-11-06 09:56:51 [TestNG-PoolService-1] INFO  com.cheq.demo_webshop.utils.ElementActionUtils - Entered text in element: By.id: Email - Text: fornis@email.com
2025-11-06 09:56:51 [TestNG-PoolService-1] INFO  com.cheq.demo_webshop.utils.ElementActionUtils - Entered text in element: By.id: Password - Text: james123
2025-11-06 09:56:53 [TestNG-PoolService-1] INFO  com.cheq.demo_webshop.utils.ElementActionUtils - Clicked on element: By.xpath: //input[@value='Log in']
2025-11-06 09:56:54 [TestNG-PoolService-1] INFO  com.cheq.demo_webshop.utils.ElementActionUtils - Element is displayed: By.cssSelector: .ico-logout
2025-11-06 09:57:00 [TestNG-PoolService-1] ERROR com.cheq.demo_webshop.utils.ElementActionUtils - Element is not displayed: By.xpath: //a[text()='Fiction']
2025-11-06 09:57:01 [TestNG-PoolService-1] ERROR io.qameta.allure.AllureLifecycle - Could not update step: step with uuid eb16cb42-94a0-465f-a769-a29f08daf2a7 not found
2025-11-06 09:58:10 [TestNG-PoolService-1] INFO  com.cheq.demo_webshop.hooks.Hooks - Starting scenario: Validate added product
2025-11-06 09:58:12 [TestNG-PoolService-1] INFO  com.cheq.demo_webshop.utils.ElementActionUtils - Clicked on element: By.xpath: //a[text()='Log in']
2025-11-06 09:58:12 [TestNG-PoolService-1] INFO  com.cheq.demo_webshop.utils.ElementActionUtils - Entered text in element: By.id: Email - Text: fornis@email.com
2025-11-06 09:58:13 [TestNG-PoolService-1] INFO  com.cheq.demo_webshop.utils.ElementActionUtils - Entered text in element: By.id: Password - Text: james123
2025-11-06 09:58:14 [TestNG-PoolService-1] INFO  com.cheq.demo_webshop.utils.ElementActionUtils - Clicked on element: By.xpath: //input[@value='Log in']
2025-11-06 09:58:15 [TestNG-PoolService-1] INFO  com.cheq.demo_webshop.utils.ElementActionUtils - Element is displayed: By.cssSelector: .ico-logout
2025-11-06 09:58:18 [TestNG-PoolService-1] INFO  com.cheq.demo_webshop.utils.ElementActionUtils - Clicked on element: By.xpath: //ul[@class='top-menu']//a[normalize-space()='Books']
2025-11-06 09:58:23 [TestNG-PoolService-1] ERROR com.cheq.demo_webshop.utils.ElementActionUtils - Element is not displayed: By.xpath: //a[text()='Fiction']
2025-11-06 09:58:23 [TestNG-PoolService-1] ERROR io.qameta.allure.AllureLifecycle - Could not update step: step with uuid 4fd65050-d591-47d1-8b3a-41c8d9454bbd not found
2025-11-06 09:58:28 [TestNG-PoolService-1] INFO  com.cheq.demo_webshop.hooks.Hooks - Starting scenario: Validate added product
2025-11-06 09:58:31 [TestNG-PoolService-1] INFO  com.cheq.demo_webshop.utils.ElementActionUtils - Clicked on element: By.xpath: //a[text()='Log in']
2025-11-06 09:58:32 [TestNG-PoolService-1] INFO  com.cheq.demo_webshop.utils.ElementActionUtils - Entered text in element: By.id: Email - Text: fornis@email.com
2025-11-06 09:58:32 [TestNG-PoolService-1] INFO  com.cheq.demo_webshop.utils.ElementActionUtils - Entered text in element: By.id: Password - Text: james123
2025-11-06 09:58:33 [TestNG-PoolService-1] INFO  com.cheq.demo_webshop.utils.ElementActionUtils - Clicked on element: By.xpath: //input[@value='Log in']
2025-11-06 09:58:33 [TestNG-PoolService-1] INFO  com.cheq.demo_webshop.utils.ElementActionUtils - Element is displayed: By.cssSelector: .ico-logout
2025-11-06 09:58:35 [TestNG-PoolService-1] INFO  com.cheq.demo_webshop.utils.ElementActionUtils - Clicked on element: By.xpath: //ul[@class='top-menu']//a[normalize-space()='Books']
2025-11-06 09:58:41 [TestNG-PoolService-1] ERROR com.cheq.demo_webshop.utils.ElementActionUtils - Element is not displayed: By.xpath: //a[text()='Fiction']
2025-11-06 09:58:42 [TestNG-PoolService-1] ERROR io.qameta.allure.AllureLifecycle - Could not update step: step with uuid efe01552-8239-45e5-b530-c36720a38e77 not found
2025-11-06 09:58:46 [TestNG-PoolService-1] INFO  com.cheq.demo_webshop.hooks.Hooks - Starting scenario: Validate added product
2025-11-06 09:58:49 [TestNG-PoolService-1] INFO  com.cheq.demo_webshop.utils.ElementActionUtils - Clicked on element: By.xpath: //a[text()='Log in']
2025-11-06 09:58:50 [TestNG-PoolService-1] INFO  com.cheq.demo_webshop.utils.ElementActionUtils - Entered text in element: By.id: Email - Text: fornis@email.com
2025-11-06 09:58:50 [TestNG-PoolService-1] INFO  com.cheq.demo_webshop.utils.ElementActionUtils - Entered text in element: By.id: Password - Text: james123
2025-11-06 09:58:52 [TestNG-PoolService-1] INFO  com.cheq.demo_webshop.utils.ElementActionUtils - Clicked on element: By.xpath: //input[@value='Log in']
2025-11-06 09:58:52 [TestNG-PoolService-1] INFO  com.cheq.demo_webshop.utils.ElementActionUtils - Element is displayed: By.cssSelector: .ico-logout
2025-11-06 09:58:54 [TestNG-PoolService-1] INFO  com.cheq.demo_webshop.utils.ElementActionUtils - Clicked on element: By.xpath: //ul[@class='top-menu']//a[normalize-space()='Books']
2025-11-06 09:58:59 [TestNG-PoolService-1] ERROR com.cheq.demo_webshop.utils.ElementActionUtils - Element is not displayed: By.xpath: //a[text()='Fiction']
2025-11-06 09:59:00 [TestNG-PoolService-1] ERROR io.qameta.allure.AllureLifecycle - Could not update step: step with uuid 635d7aa7-4ab8-4723-ad5b-fdea997f3015 not found
2025-11-06 09:59:08 [TestNG-PoolService-1] INFO  com.cheq.demo_webshop.hooks.Hooks - Starting scenario: Validate added product
2025-11-06 09:59:10 [TestNG-PoolService-1] INFO  com.cheq.demo_webshop.utils.ElementActionUtils - Clicked on element: By.xpath: //a[text()='Log in']
2025-11-06 09:59:11 [TestNG-PoolService-1] INFO  com.cheq.demo_webshop.utils.ElementActionUtils - Entered text in element: By.id: Email - Text: fornis@email.com
2025-11-06 09:59:11 [TestNG-PoolService-1] INFO  com.cheq.demo_webshop.utils.ElementActionUtils - Entered text in element: By.id: Password - Text: james123
2025-11-06 09:59:13 [TestNG-PoolService-1] INFO  com.cheq.demo_webshop.utils.ElementActionUtils - Clicked on element: By.xpath: //input[@value='Log in']
2025-11-06 09:59:13 [TestNG-PoolService-1] INFO  com.cheq.demo_webshop.utils.ElementActionUtils - Element is displayed: By.cssSelector: .ico-logout
2025-11-06 09:59:15 [TestNG-PoolService-1] INFO  com.cheq.demo_webshop.utils.ElementActionUtils - Clicked on element: By.xpath: //ul[@class='top-menu']//a[normalize-space()='Books']
2025-11-06 09:59:21 [TestNG-PoolService-1] ERROR com.cheq.demo_webshop.utils.ElementActionUtils - Element is not displayed: By.xpath: //a[text()='Fiction']
2025-11-06 09:59:21 [TestNG-PoolService-1] ERROR io.qameta.allure.AllureLifecycle - Could not update step: step with uuid c848ba8f-700e-4013-be47-a337a4d3e85c not found
2025-11-06 10:05:11 [TestNG-PoolService-1] INFO  com.cheq.demo_webshop.hooks.Hooks - Starting scenario: Validate added product
2025-11-06 10:05:12 [TestNG-PoolService-1] INFO  com.cheq.demo_webshop.utils.ElementActionUtils - Clicked on element: By.xpath: //a[text()='Log in']
2025-11-06 10:05:13 [TestNG-PoolService-1] INFO  com.cheq.demo_webshop.utils.ElementActionUtils - Entered text in element: By.id: Email - Text: fornis@email.com
2025-11-06 10:05:13 [TestNG-PoolService-1] INFO  com.cheq.demo_webshop.utils.ElementActionUtils - Entered text in element: By.id: Password - Text: james123
2025-11-06 10:05:14 [TestNG-PoolService-1] INFO  com.cheq.demo_webshop.utils.ElementActionUtils - Clicked on element: By.xpath: //input[@value='Log in']
2025-11-06 10:05:14 [TestNG-PoolService-1] INFO  com.cheq.demo_webshop.utils.ElementActionUtils - Element is displayed: By.cssSelector: .ico-logout
2025-11-06 10:05:16 [TestNG-PoolService-1] INFO  com.cheq.demo_webshop.utils.ElementActionUtils - Clicked on element: By.xpath: //ul[@class='top-menu']//a[normalize-space()='Books']
2025-11-06 10:05:16 [TestNG-PoolService-1] INFO  com.cheq.demo_webshop.utils.ElementActionUtils - Element is displayed: By.xpath: //h2[@class='product-title']/child::a[text()='Fiction']
2025-11-06 10:05:16 [TestNG-PoolService-1] INFO  com.cheq.demo_webshop.utils.ElementActionUtils - Element is displayed: By.xpath: //h2[@class='product-title']/a[text()='Fiction']/ancestor::div[@class='details']//span[contains(@class, 'actual-price')]
2025-11-06 10:05:18 [TestNG-PoolService-1] INFO  com.cheq.demo_webshop.utils.ElementActionUtils - Clicked on element: By.xpath: //h2[@class='product-title']/a[normalize-space(text())='Fiction']
2025-11-06 10:05:18 [TestNG-PoolService-1] INFO  com.cheq.demo_webshop.utils.ElementActionUtils - Clicked on element: By.xpath: //input[contains(@id, 'add-to-cart-button')]
2025-11-06 10:05:19 [TestNG-PoolService-1] INFO  com.cheq.demo_webshop.utils.ElementActionUtils - Clicked on element: By.cssSelector: a[class='ico-cart'] span[class='cart-label']
2025-11-06 10:05:19 [TestNG-PoolService-1] INFO  com.cheq.demo_webshop.utils.ElementActionUtils - Element is displayed: By.xpath: //input[@name='removefromcart']
2025-11-06 10:05:19 [TestNG-PoolService-1] INFO  com.cheq.demo_webshop.utils.ElementActionUtils - Clicked on element: By.xpath: //input[@name='removefromcart']
2025-11-06 10:05:20 [TestNG-PoolService-1] INFO  com.cheq.demo_webshop.utils.ElementActionUtils - Element is displayed: By.xpath: //a[@class='product-name' and text()='Fiction']
2025-11-06 10:05:20 [TestNG-PoolService-1] INFO  com.cheq.demo_webshop.utils.ElementActionUtils - Clicked on element: By.xpath: //input[contains(@value, 'Update')]
2025-11-06 10:05:22 [TestNG-PoolService-1] INFO  com.cheq.demo_webshop.utils.ElementActionUtils - Clicked on element: By.cssSelector: .ico-logout
2025-11-06 10:09:17 [TestNG-PoolService-1] INFO  com.cheq.demo_webshop.hooks.Hooks - Starting scenario: Validate added product
2025-11-06 10:09:18 [TestNG-PoolService-1] INFO  com.cheq.demo_webshop.utils.ElementActionUtils - Clicked on element: By.xpath: //a[text()='Log in']
2025-11-06 10:09:18 [TestNG-PoolService-1] INFO  com.cheq.demo_webshop.utils.ElementActionUtils - Entered text in element: By.id: Email - Text: fornis@email.com
2025-11-06 10:09:18 [TestNG-PoolService-1] INFO  com.cheq.demo_webshop.utils.ElementActionUtils - Entered text in element: By.id: Password - Text: james123
2025-11-06 10:09:19 [TestNG-PoolService-1] INFO  com.cheq.demo_webshop.utils.ElementActionUtils - Clicked on element: By.xpath: //input[@value='Log in']
2025-11-06 10:09:22 [TestNG-PoolService-1] INFO  com.cheq.demo_webshop.hooks.Hooks - Starting scenario: Validate added product
2025-11-06 10:09:46 [TestNG-PoolService-3] INFO  com.cheq.demo_webshop.hooks.Hooks - Starting scenario: Validate added product
2025-11-06 10:09:47 [TestNG-PoolService-2] INFO  com.cheq.demo_webshop.hooks.Hooks - Starting scenario: Register
2025-11-06 10:09:47 [TestNG-PoolService-1] INFO  com.cheq.demo_webshop.hooks.Hooks - Starting scenario: Login
2025-11-06 10:16:10 [TestNG-PoolService-2] INFO  com.cheq.demo_webshop.hooks.Hooks - Starting scenario: Register
2025-11-06 10:16:10 [TestNG-PoolService-1] INFO  com.cheq.demo_webshop.hooks.Hooks - Starting scenario: Login
2025-11-06 10:16:10 [TestNG-PoolService-3] INFO  com.cheq.demo_webshop.hooks.Hooks - Starting scenario: Validate added product
2025-11-06 10:16:11 [TestNG-PoolService-2] INFO  com.cheq.demo_webshop.utils.ElementActionUtils - Element is displayed: By.cssSelector: .ico-register
2025-11-06 10:16:11 [TestNG-PoolService-3] INFO  com.cheq.demo_webshop.utils.ElementActionUtils - Clicked on element: By.xpath: //a[text()='Log in']
2025-11-06 10:16:12 [TestNG-PoolService-3] INFO  com.cheq.demo_webshop.utils.ElementActionUtils - Entered text in element: By.id: Email - Text: fornis@email.com
2025-11-06 10:16:12 [TestNG-PoolService-1] INFO  com.cheq.demo_webshop.utils.ElementActionUtils - Clicked on element: By.xpath: //a[text()='Log in']
2025-11-06 10:16:12 [TestNG-PoolService-3] INFO  com.cheq.demo_webshop.utils.ElementActionUtils - Entered text in element: By.id: Password - Text: james123
2025-11-06 10:16:12 [TestNG-PoolService-1] INFO  com.cheq.demo_webshop.utils.ElementActionUtils - Entered text in element: By.id: Email - Text: fornis@email.com
2025-11-06 10:16:12 [TestNG-PoolService-1] INFO  com.cheq.demo_webshop.utils.ElementActionUtils - Entered text in element: By.id: Password - Text: james123
2025-11-06 10:16:13 [TestNG-PoolService-2] INFO  com.cheq.demo_webshop.utils.ElementActionUtils - Clicked on element: By.cssSelector: .ico-register
2025-11-06 10:16:13 [TestNG-PoolService-2] INFO  com.cheq.demo_webshop.utils.ElementActionUtils - Entered text in element: By.xpath: //input[@id='FirstName'] - Text: Teal
2025-11-06 10:16:13 [TestNG-PoolService-2] INFO  com.cheq.demo_webshop.utils.ElementActionUtils - Entered text in element: By.xpath: //input[@id='LastName'] - Text: Jaytos
2025-11-06 10:16:13 [TestNG-PoolService-3] INFO  com.cheq.demo_webshop.utils.ElementActionUtils - Clicked on element: By.xpath: //input[@value='Log in']
2025-11-06 10:16:14 [TestNG-PoolService-2] INFO  com.cheq.demo_webshop.utils.ElementActionUtils - Entered text in element: By.xpath: //input[@id='Email'] - Text: johantealtestingcheq@last.fm
2025-11-06 10:16:14 [TestNG-PoolService-1] INFO  com.cheq.demo_webshop.utils.ElementActionUtils - Clicked on element: By.xpath: //input[@value='Log in']
2025-11-06 10:16:14 [TestNG-PoolService-3] INFO  com.cheq.demo_webshop.utils.ElementActionUtils - Element is displayed: By.cssSelector: .ico-logout
2025-11-06 10:16:14 [TestNG-PoolService-2] INFO  com.cheq.demo_webshop.utils.ElementActionUtils - Entered text in element: By.xpath: //input[@id='Password'] - Text: wteJWX
2025-11-06 10:16:14 [TestNG-PoolService-2] INFO  com.cheq.demo_webshop.utils.ElementActionUtils - Entered text in element: By.xpath: //input[@id='ConfirmPassword'] - Text: wteJWX
2025-11-06 10:16:14 [TestNG-PoolService-1] INFO  com.cheq.demo_webshop.utils.ElementActionUtils - Element is displayed: By.cssSelector: .ico-logout
2025-11-06 10:16:15 [TestNG-PoolService-3] INFO  com.cheq.demo_webshop.utils.ElementActionUtils - Clicked on element: By.xpath: //ul[@class='top-menu']//a[normalize-space()='Books']
2025-11-06 10:16:15 [TestNG-PoolService-1] INFO  com.cheq.demo_webshop.utils.ElementActionUtils - Clicked on element: By.cssSelector: .ico-logout
2025-11-06 10:16:15 [TestNG-PoolService-3] INFO  com.cheq.demo_webshop.utils.ElementActionUtils - Element is displayed: By.xpath: //h2[@class='product-title']/child::a[text()='Fiction']
2025-11-06 10:16:16 [TestNG-PoolService-1] INFO  com.cheq.demo_webshop.utils.ElementActionUtils - Element is displayed: By.cssSelector: .ico-login
2025-11-06 10:16:16 [TestNG-PoolService-2] INFO  com.cheq.demo_webshop.utils.ElementActionUtils - Clicked on element: By.xpath: //input[@id='register-button']
2025-11-06 10:16:16 [TestNG-PoolService-3] INFO  com.cheq.demo_webshop.utils.ElementActionUtils - Element is displayed: By.xpath: //h2[@class='product-title']/a[text()='Fiction']/ancestor::div[@class='details']//span[contains(@class, 'actual-price')]
2025-11-06 10:16:16 [TestNG-PoolService-2] INFO  com.cheq.demo_webshop.utils.ElementActionUtils - Element is displayed: By.xpath: //div[@class='result' and contains(text(),'Your registration completed')]
2025-11-06 10:16:18 [TestNG-PoolService-3] INFO  com.cheq.demo_webshop.utils.ElementActionUtils - Clicked on element: By.xpath: //h2[@class='product-title']/a[normalize-space(text())='Fiction']
2025-11-06 10:16:18 [TestNG-PoolService-3] INFO  com.cheq.demo_webshop.utils.ElementActionUtils - Clicked on element: By.xpath: //input[contains(@id, 'add-to-cart-button')]
2025-11-06 10:16:19 [TestNG-PoolService-3] INFO  com.cheq.demo_webshop.utils.ElementActionUtils - Clicked on element: By.cssSelector: a[class='ico-cart'] span[class='cart-label']
2025-11-06 10:16:20 [TestNG-PoolService-3] INFO  com.cheq.demo_webshop.utils.ElementActionUtils - Element is displayed: By.xpath: //input[@name='removefromcart']
2025-11-06 10:16:20 [TestNG-PoolService-3] INFO  com.cheq.demo_webshop.utils.ElementActionUtils - Clicked on element: By.xpath: //input[@name='removefromcart']
2025-11-06 10:16:20 [TestNG-PoolService-3] INFO  com.cheq.demo_webshop.utils.ElementActionUtils - Element is displayed: By.xpath: //a[@class='product-name' and text()='Fiction']
2025-11-06 10:16:20 [TestNG-PoolService-3] INFO  com.cheq.demo_webshop.utils.ElementActionUtils - Clicked on element: By.xpath: //input[contains(@value, 'Update')]
2025-11-06 10:16:22 [TestNG-PoolService-3] INFO  com.cheq.demo_webshop.utils.ElementActionUtils - Clicked on element: By.cssSelector: .ico-logout
