2025-12-09 10:18:36 [main] INFO  com.cheq.demo_webshop.hooks.Hooks - Starting scenario: Login
2025-12-09 10:55:27 [main] INFO  com.cheq.demo_webshop.hooks.Hooks - Starting scenario: Login
2025-12-09 10:55:47 [main] ERROR com.cheq.demo_webshop.utils.ElementActionUtils - Failed to click on element: By.xpath: //a[text()='Log in']
org.openqa.selenium.TimeoutException: Expected condition failed: waiting for element to be clickable: By.xpath: //a[text()='Log in'] (tried for 20 second(s) with 500 milliseconds interval)
	at org.openqa.selenium.support.ui.WebDriverWait.timeoutException(WebDriverWait.java:84)
	at org.openqa.selenium.support.ui.FluentWait.until(FluentWait.java:228)
	at com.cheq.demo_webshop.utils.WaitUtil.waitForElementClickable(WaitUtil.java:53)
	at com.cheq.demo_webshop.utils.ElementActionUtils.clickElement(ElementActionUtils.java:25)
	at com.cheq.demo_webshop.pages.components.HeaderComponent.clickLoginLink(HeaderComponent.java:26)
	at com.cheq.demo_webshop.stepdefinitions.LoginSteps.user_navigate_to_webshop_login_page(LoginSteps.java:32)
	at java.base/jdk.internal.reflect.DirectMethodHandleAccessor.invoke(DirectMethodHandleAccessor.java:103)
	at java.base/java.lang.reflect.Method.invoke(Method.java:580)
	at io.cucumber.java.Invoker.doInvoke(Invoker.java:66)
	at io.cucumber.java.Invoker.invoke(Invoker.java:24)
	at io.cucumber.java.AbstractGlueDefinition.invokeMethod(AbstractGlueDefinition.java:47)
	at io.cucumber.java.JavaStepDefinition.execute(JavaStepDefinition.java:29)
	at io.cucumber.core.runner.CoreStepDefinition.execute(CoreStepDefinition.java:66)
	at io.cucumber.core.runner.PickleStepDefinitionMatch.runStep(PickleStepDefinitionMatch.java:62)
	at io.cucumber.core.runner.ExecutionMode$1.execute(ExecutionMode.java:10)
	at io.cucumber.core.runner.TestStep.executeStep(TestStep.java:81)
	at io.cucumber.core.runner.TestStep.run(TestStep.java:53)
	at io.cucumber.core.runner.PickleStepTestStep.run(PickleStepTestStep.java:51)
	at io.cucumber.core.runner.TestCase.run(TestCase.java:84)
	at io.cucumber.core.runner.Runner.runPickle(Runner.java:75)
	at io.cucumber.junit.PickleRunners$NoStepDescriptions.lambda$run$0(PickleRunners.java:151)
	at io.cucumber.core.runtime.CucumberExecutionContext.lambda$runTestCase$5(CucumberExecutionContext.java:136)
	at io.cucumber.core.runtime.RethrowingThrowableCollector.executeAndThrow(RethrowingThrowableCollector.java:23)
	at io.cucumber.core.runtime.CucumberExecutionContext.runTestCase(CucumberExecutionContext.java:136)
	at io.cucumber.junit.PickleRunners$NoStepDescriptions.run(PickleRunners.java:148)
	at io.cucumber.junit.FeatureRunner.runChild(FeatureRunner.java:144)
	at io.cucumber.junit.FeatureRunner.runChild(FeatureRunner.java:28)
	at org.junit.runners.ParentRunner$4.run(ParentRunner.java:331)
	at org.junit.runners.ParentRunner$1.schedule(ParentRunner.java:79)
	at org.junit.runners.ParentRunner.runChildren(ParentRunner.java:329)
	at org.junit.runners.ParentRunner.access$100(ParentRunner.java:66)
	at org.junit.runners.ParentRunner$2.evaluate(ParentRunner.java:293)
	at org.junit.runners.ParentRunner$3.evaluate(ParentRunner.java:306)
	at org.junit.runners.ParentRunner.run(ParentRunner.java:413)
	at io.cucumber.junit.FeatureRunner.run(FeatureRunner.java:137)
	at io.cucumber.junit.Cucumber.runChild(Cucumber.java:196)
	at io.cucumber.junit.Cucumber.runChild(Cucumber.java:89)
	at org.junit.runners.ParentRunner$4.run(ParentRunner.java:331)
	at org.junit.runners.ParentRunner$1.schedule(ParentRunner.java:79)
	at org.junit.runners.ParentRunner.runChildren(ParentRunner.java:329)
	at org.junit.runners.ParentRunner.access$100(ParentRunner.java:66)
	at org.junit.runners.ParentRunner$2.evaluate(ParentRunner.java:293)
	at io.cucumber.core.runtime.CucumberExecutionContext.lambda$runFeatures$6(CucumberExecutionContext.java:147)
	at io.cucumber.core.runtime.CucumberExecutionContext.execute(CucumberExecutionContext.java:162)
	at io.cucumber.core.runtime.CucumberExecutionContext.runFeatures(CucumberExecutionContext.java:145)
	at io.cucumber.junit.Cucumber$StartAndFinishTestRun.evaluate(Cucumber.java:226)
	at org.junit.runners.ParentRunner$3.evaluate(ParentRunner.java:306)
	at org.junit.runners.ParentRunner.run(ParentRunner.java:413)
	at org.eclipse.jdt.internal.junit4.runner.JUnit4TestReference.run(JUnit4TestReference.java:93)
	at org.eclipse.jdt.internal.junit.runner.TestExecution.run(TestExecution.java:40)
	at org.eclipse.jdt.internal.junit.runner.RemoteTestRunner.runTests(RemoteTestRunner.java:520)
	at org.eclipse.jdt.internal.junit.runner.RemoteTestRunner.runTests(RemoteTestRunner.java:748)
	at org.eclipse.jdt.internal.junit.runner.RemoteTestRunner.run(RemoteTestRunner.java:443)
	at org.eclipse.jdt.internal.junit.runner.RemoteTestRunner.main(RemoteTestRunner.java:211)
Caused by: org.openqa.selenium.NoSuchWindowException: no such window: target window already closed
from unknown error: web view not found
  (Session info: chrome=142.0.7444.176)
Build info: version: '4.27.0', revision: 'd6e718d134'
System info: os.name: 'Windows 11', os.arch: 'amd64', os.version: '10.0', java.version: '21.0.7'
Driver info: org.openqa.selenium.chrome.ChromeDriver
Command: [2241e6575f03787ba6313671b2fededf, findElement {value=//a[text()='Log in'], using=xpath}]
Capabilities {acceptInsecureCerts: false, browserName: chrome, browserVersion: 142.0.7444.176, chrome: {chromedriverVersion: 142.0.7444.175 (302067f14a4..., userDataDir: C:\Users\JOHNLL~1\AppData\L...}, fedcm:accounts: true, goog:chromeOptions: {debuggerAddress: localhost:58109}, goog:processID: 6392, networkConnectionEnabled: false, pageLoadStrategy: normal, platformName: windows, proxy: Proxy(), se:cdp: ws://localhost:58109/devtoo..., se:cdpVersion: 142.0.7444.176, setWindowRect: true, strictFileInteractability: false, timeouts: {implicit: 0, pageLoad: 300000, script: 30000}, unhandledPromptBehavior: dismiss and notify, webauthn:extension:credBlob: true, webauthn:extension:largeBlob: true, webauthn:extension:minPinLength: true, webauthn:extension:prf: true, webauthn:virtualAuthenticators: true}
Session ID: 2241e6575f03787ba6313671b2fededf
	at java.base/jdk.internal.reflect.DirectConstructorHandleAccessor.newInstance(DirectConstructorHandleAccessor.java:62)
	at java.base/java.lang.reflect.Constructor.newInstanceWithCaller(Constructor.java:502)
	at java.base/java.lang.reflect.Constructor.newInstance(Constructor.java:486)
	at org.openqa.selenium.remote.ErrorCodec.decode(ErrorCodec.java:167)
	at org.openqa.selenium.remote.codec.w3c.W3CHttpResponseCodec.decode(W3CHttpResponseCodec.java:138)
	at org.openqa.selenium.remote.codec.w3c.W3CHttpResponseCodec.decode(W3CHttpResponseCodec.java:50)
	at org.openqa.selenium.remote.HttpCommandExecutor.execute(HttpCommandExecutor.java:190)
	at org.openqa.selenium.remote.service.DriverCommandExecutor.invokeExecute(DriverCommandExecutor.java:216)
	at org.openqa.selenium.remote.service.DriverCommandExecutor.execute(DriverCommandExecutor.java:174)
	at org.openqa.selenium.remote.RemoteWebDriver.execute(RemoteWebDriver.java:545)
	at org.openqa.selenium.remote.ElementLocation$ElementFinder$2.findElement(ElementLocation.java:165)
	at org.openqa.selenium.remote.ElementLocation.findElement(ElementLocation.java:59)
	at org.openqa.selenium.remote.RemoteWebDriver.findElement(RemoteWebDriver.java:368)
	at org.openqa.selenium.remote.RemoteWebDriver.findElement(RemoteWebDriver.java:362)
	at org.openqa.selenium.support.ui.ExpectedConditions$7.apply(ExpectedConditions.java:194)
	at org.openqa.selenium.support.ui.ExpectedConditions$7.apply(ExpectedConditions.java:190)
	at org.openqa.selenium.support.ui.ExpectedConditions$22.apply(ExpectedConditions.java:627)
	at org.openqa.selenium.support.ui.ExpectedConditions$22.apply(ExpectedConditions.java:624)
	at org.openqa.selenium.support.ui.FluentWait.until(FluentWait.java:203)
	... 52 more
2025-12-09 10:55:49 [main] INFO  com.cheq.demo_webshop.hooks.Hooks - Starting scenario: Login
2025-12-09 10:56:30 [main] INFO  com.cheq.demo_webshop.hooks.Hooks - Starting scenario: Login
2025-12-09 10:56:32 [main] INFO  com.cheq.demo_webshop.utils.ElementActionUtils - Clicked on element: By.xpath: //a[text()='Log in']
2025-12-09 10:56:42 [main] ERROR com.cheq.demo_webshop.utils.ElementActionUtils - Failed to enter text in element: By.id: Email123 - Text: fornis@email.com
2025-12-09 10:56:43 [main] ERROR io.qameta.allure.AllureLifecycle - Could not update step: step with uuid 783eb158-cbec-4ec9-9b8e-40703535fe30 not found
2025-12-09 10:58:16 [main] INFO  com.cheq.demo_webshop.hooks.Hooks - Starting scenario: Login
2025-12-09 10:58:17 [main] INFO  com.cheq.demo_webshop.utils.ElementActionUtils - Clicked on element: By.xpath: //a[text()='Log in']
2025-12-09 10:58:17 [main] INFO  com.cheq.demo_webshop.utils.ElementActionUtils - Entered text in element: By.id: Email - Text: fornis@email.com
2025-12-09 10:58:17 [main] INFO  com.cheq.demo_webshop.utils.ElementActionUtils - Entered text in element: By.id: Password - Text: james123
2025-12-09 10:58:19 [main] INFO  com.cheq.demo_webshop.utils.ElementActionUtils - Clicked on element: By.xpath: //input[@value='Log in']
2025-12-09 10:58:19 [main] INFO  com.cheq.demo_webshop.utils.ElementActionUtils - Element is displayed: By.cssSelector: .ico-logout
2025-12-09 10:58:20 [main] INFO  com.cheq.demo_webshop.utils.ElementActionUtils - Clicked on element: By.cssSelector: .ico-logout
2025-12-09 10:58:21 [main] INFO  com.cheq.demo_webshop.utils.ElementActionUtils - Element is displayed: By.cssSelector: .ico-login
2025-12-09 10:59:54 [main] INFO  com.cheq.demo_webshop.hooks.Hooks - Starting scenario: Login
2025-12-09 10:59:58 [main] INFO  com.cheq.demo_webshop.utils.ElementActionUtils - Clicked on element: By.xpath: //a[text()='Log in']
2025-12-09 11:00:00 [main] INFO  com.cheq.demo_webshop.utils.ElementActionUtils - Entered text in element: By.id: Email123 - Text: fornis@email.com
2025-12-09 11:00:02 [main] INFO  com.cheq.demo_webshop.utils.ElementActionUtils - Entered text in element: By.id: Passwordiswrong - Text: james123
2025-12-09 11:00:03 [main] INFO  com.cheq.demo_webshop.utils.ElementActionUtils - Clicked on element: By.xpath: //input[@value='Log in']
2025-12-09 11:00:03 [main] INFO  com.cheq.demo_webshop.utils.ElementActionUtils - Element is displayed: By.cssSelector: .ico-logout
2025-12-09 11:00:04 [main] INFO  com.cheq.demo_webshop.utils.ElementActionUtils - Clicked on element: By.cssSelector: .ico-logout
2025-12-09 11:00:04 [main] INFO  com.cheq.demo_webshop.utils.ElementActionUtils - Element is displayed: By.cssSelector: .ico-login
2025-12-09 13:24:03 [main] INFO  org.testng.internal.Utils - [Utils] MethodGroupsHelper.collectMethodsByGroup() took 5 ms.
2025-12-09 13:24:03 [main] INFO  org.testng.internal.Utils - [Utils] MethodGroupsHelper.sortMethods() took 2 ms.
2025-12-09 13:24:03 [main] INFO  org.testng.internal.Utils - [Utils] MethodGroupsHelper.collectMethodsByGroup() took 0 ms.
2025-12-09 13:24:03 [main] INFO  org.testng.internal.Utils - [Utils] MethodGroupsHelper.sortMethods() took 0 ms.
2025-12-09 13:24:03 [main] INFO  org.testng.internal.Utils - [Utils] MethodGroupsHelper.collectMethodsByGroup() took 0 ms.
2025-12-09 13:24:03 [main] INFO  org.testng.internal.Utils - [Utils] MethodGroupsHelper.sortMethods() took 0 ms.
2025-12-09 13:24:03 [main] INFO  org.testng.internal.Utils - [Utils] MethodGroupsHelper.collectMethodsByGroup() took 0 ms.
2025-12-09 13:24:03 [main] INFO  org.testng.internal.Utils - [Utils] MethodGroupsHelper.sortMethods() took 0 ms.
2025-12-09 13:24:03 [main] INFO  org.testng.internal.Utils - [Utils] MethodGroupsHelper.collectMethodsByGroup() took 0 ms.
2025-12-09 13:24:03 [main] INFO  org.testng.internal.Utils - [Utils] MethodGroupsHelper.sortMethods() took 16 ms.
2025-12-09 13:24:03 [main] INFO  org.testng.internal.Utils - [Utils] MethodGroupsHelper.collectMethodsByGroup() took 0 ms.
2025-12-09 13:24:03 [main] INFO  org.testng.internal.Utils - [Utils] MethodGroupsHelper.sortMethods() took 0 ms.
2025-12-09 13:24:03 [main] INFO  org.testng.internal.Utils - [Utils] MethodGroupsHelper.collectMethodsByGroup() took 0 ms.
2025-12-09 13:24:03 [main] INFO  org.testng.internal.Utils - [Utils] MethodGroupsHelper.sortMethods() took 0 ms.
2025-12-09 13:24:03 [main] INFO  org.testng.internal.Utils - [Utils] MethodGroupsHelper.collectMethodsByGroup() took 0 ms.
2025-12-09 13:24:03 [main] INFO  org.testng.internal.Utils - [Utils] MethodGroupsHelper.sortMethods() took 0 ms.
2025-12-09 13:24:03 [main] INFO  org.testng.internal.Utils - [Utils] MethodGroupsHelper.collectMethodsByGroup() took 0 ms.
2025-12-09 13:24:03 [main] INFO  org.testng.internal.Utils - [Utils] MethodGroupsHelper.sortMethods() took 0 ms.
2025-12-09 13:24:03 [main] INFO  org.testng.internal.Utils - [Utils] MethodGroupsHelper.collectMethodsByGroup() took 0 ms.
2025-12-09 13:24:03 [main] INFO  org.testng.internal.Utils - [Utils] MethodGroupsHelper.sortMethods() took 0 ms.
2025-12-09 13:24:03 [main] INFO  org.testng.internal.Utils - [Utils] MethodGroupsHelper.collectMethodsByGroup() took 0 ms.
2025-12-09 13:24:03 [main] INFO  org.testng.internal.Utils - [Utils] MethodGroupsHelper.sortMethods() took 0 ms.
2025-12-09 13:24:03 [main] INFO  org.testng.internal.Utils - [Utils] MethodGroupsHelper.collectMethodsByGroup() took 0 ms.
2025-12-09 13:24:03 [main] INFO  org.testng.internal.Utils - [Utils] MethodGroupsHelper.sortMethods() took 0 ms.
2025-12-09 13:24:03 [main] INFO  org.testng.internal.Utils - [Utils] MethodGroupsHelper.collectMethodsByGroup() took 8 ms.
2025-12-09 13:24:03 [main] INFO  org.testng.internal.Utils - [Utils] MethodGroupsHelper.sortMethods() took 0 ms.
2025-12-09 13:24:03 [main] INFO  org.testng.internal.Utils - [Utils] MethodGroupsHelper.collectMethodsByGroup() took 0 ms.
2025-12-09 13:24:03 [main] INFO  org.testng.internal.Utils - [Utils] MethodGroupsHelper.sortMethods() took 0 ms.
2025-12-09 13:24:03 [main] INFO  org.testng.internal.Utils - [Utils] MethodGroupsHelper.collectMethodsByGroup() took 0 ms.
2025-12-09 13:24:03 [main] INFO  org.testng.internal.Utils - [Utils] MethodGroupsHelper.sortMethods() took 0 ms.
2025-12-09 13:24:03 [main] INFO  org.testng.internal.Utils - [TestNG] Running:
  C:\Users\JohnLloydGonzales\AppData\Local\Temp\testng-eclipse-1642628273\testng-customsuite.xml

2025-12-09 13:24:03 [main] INFO  org.testng.internal.Utils - [Utils] DynamicGraphHelper.createDynamicGraph() took 8 ms.
2025-12-09 13:24:17 [TestNG-PoolService-1] INFO  com.cheq.demo_webshop.hooks.Hooks - Starting scenario: Login
2025-12-09 13:24:19 [TestNG-PoolService-1] INFO  com.cheq.demo_webshop.utils.ElementActionUtils - Clicked on element: By.xpath: //a[text()='Log in']
2025-12-09 13:24:23 [TestNG-PoolService-1] INFO  com.cheq.demo_webshop.utils.ElementActionUtils - Entered text in element: By.id: Email123 - Text: fornis@email.com
2025-12-09 13:24:24 [TestNG-PoolService-1] INFO  com.cheq.demo_webshop.utils.ElementActionUtils - Entered text in element: By.id: Passwordiswrong - Text: james123
2025-12-09 13:24:26 [TestNG-PoolService-1] INFO  com.cheq.demo_webshop.utils.ElementActionUtils - Clicked on element: By.xpath: //input[@value='Log in']
2025-12-09 13:24:26 [TestNG-PoolService-1] INFO  com.cheq.demo_webshop.utils.ElementActionUtils - Element is displayed: By.cssSelector: .ico-logout
2025-12-09 13:24:27 [TestNG-PoolService-1] INFO  com.cheq.demo_webshop.utils.ElementActionUtils - Clicked on element: By.cssSelector: .ico-logout
2025-12-09 13:24:28 [TestNG-PoolService-1] INFO  com.cheq.demo_webshop.utils.ElementActionUtils - Element is displayed: By.cssSelector: .ico-login
2025-12-09 13:24:29 [main] INFO  org.testng.internal.Utils - [TestNG] Time taken by org.testng.reporters.jq.Main@1de30c31: 301 ms
2025-12-09 13:24:29 [main] INFO  org.testng.internal.Utils - [TestNG] Time taken by org.testng.reporters.FailedReporter@69d2fb0a: 2 ms
2025-12-09 13:24:29 [main] INFO  org.testng.internal.Utils - [TestNG] Time taken by org.testng.reporters.XMLReporter@2804b13f: 20 ms
2025-12-09 13:24:29 [main] INFO  org.testng.internal.Utils - [TestNG] Time taken by org.testng.reporters.EmailableReporter2@2f038d3c: 8 ms
2025-12-09 13:24:29 [main] INFO  org.testng.internal.Utils - [TestNG] Time taken by org.testng.reporters.JUnitReportReporter@a047bdb: 36 ms
2025-12-09 13:24:29 [main] INFO  org.testng.internal.Utils - [TestNG] Time taken by org.testng.internal.ExitCodeListener@14dbfdb1: 0 ms
2025-12-09 13:55:38 [main] INFO  org.testng.internal.Utils - [Utils] MethodGroupsHelper.collectMethodsByGroup() took 1 ms.
2025-12-09 13:55:38 [main] INFO  org.testng.internal.Utils - [Utils] MethodGroupsHelper.sortMethods() took 6 ms.
2025-12-09 13:55:38 [main] INFO  org.testng.internal.Utils - [Utils] MethodGroupsHelper.collectMethodsByGroup() took 0 ms.
2025-12-09 13:55:38 [main] INFO  org.testng.internal.Utils - [Utils] MethodGroupsHelper.sortMethods() took 0 ms.
2025-12-09 13:55:38 [main] INFO  org.testng.internal.Utils - [Utils] MethodGroupsHelper.collectMethodsByGroup() took 0 ms.
2025-12-09 13:55:38 [main] INFO  org.testng.internal.Utils - [Utils] MethodGroupsHelper.sortMethods() took 0 ms.
2025-12-09 13:55:38 [main] INFO  org.testng.internal.Utils - [Utils] MethodGroupsHelper.collectMethodsByGroup() took 0 ms.
2025-12-09 13:55:38 [main] INFO  org.testng.internal.Utils - [Utils] MethodGroupsHelper.sortMethods() took 0 ms.
2025-12-09 13:55:38 [main] INFO  org.testng.internal.Utils - [Utils] MethodGroupsHelper.collectMethodsByGroup() took 0 ms.
2025-12-09 13:55:38 [main] INFO  org.testng.internal.Utils - [Utils] MethodGroupsHelper.sortMethods() took 29 ms.
2025-12-09 13:55:38 [main] INFO  org.testng.internal.Utils - [Utils] MethodGroupsHelper.collectMethodsByGroup() took 0 ms.
2025-12-09 13:55:38 [main] INFO  org.testng.internal.Utils - [Utils] MethodGroupsHelper.sortMethods() took 0 ms.
2025-12-09 13:55:38 [main] INFO  org.testng.internal.Utils - [Utils] MethodGroupsHelper.collectMethodsByGroup() took 0 ms.
2025-12-09 13:55:38 [main] INFO  org.testng.internal.Utils - [Utils] MethodGroupsHelper.sortMethods() took 0 ms.
2025-12-09 13:55:38 [main] INFO  org.testng.internal.Utils - [Utils] MethodGroupsHelper.collectMethodsByGroup() took 0 ms.
2025-12-09 13:55:38 [main] INFO  org.testng.internal.Utils - [Utils] MethodGroupsHelper.sortMethods() took 0 ms.
2025-12-09 13:55:38 [main] INFO  org.testng.internal.Utils - [Utils] MethodGroupsHelper.collectMethodsByGroup() took 0 ms.
2025-12-09 13:55:38 [main] INFO  org.testng.internal.Utils - [Utils] MethodGroupsHelper.sortMethods() took 0 ms.
2025-12-09 13:55:38 [main] INFO  org.testng.internal.Utils - [Utils] MethodGroupsHelper.collectMethodsByGroup() took 0 ms.
2025-12-09 13:55:38 [main] INFO  org.testng.internal.Utils - [Utils] MethodGroupsHelper.sortMethods() took 0 ms.
2025-12-09 13:55:38 [main] INFO  org.testng.internal.Utils - [Utils] MethodGroupsHelper.collectMethodsByGroup() took 0 ms.
2025-12-09 13:55:38 [main] INFO  org.testng.internal.Utils - [Utils] MethodGroupsHelper.sortMethods() took 0 ms.
2025-12-09 13:55:38 [main] INFO  org.testng.internal.Utils - [Utils] MethodGroupsHelper.collectMethodsByGroup() took 0 ms.
2025-12-09 13:55:38 [main] INFO  org.testng.internal.Utils - [Utils] MethodGroupsHelper.sortMethods() took 0 ms.
2025-12-09 13:55:38 [main] INFO  org.testng.internal.Utils - [Utils] MethodGroupsHelper.collectMethodsByGroup() took 11 ms.
2025-12-09 13:55:38 [main] INFO  org.testng.internal.Utils - [Utils] MethodGroupsHelper.sortMethods() took 0 ms.
2025-12-09 13:55:38 [main] INFO  org.testng.internal.Utils - [Utils] MethodGroupsHelper.collectMethodsByGroup() took 0 ms.
2025-12-09 13:55:38 [main] INFO  org.testng.internal.Utils - [Utils] MethodGroupsHelper.sortMethods() took 0 ms.
2025-12-09 13:55:38 [main] INFO  org.testng.internal.Utils - [Utils] MethodGroupsHelper.collectMethodsByGroup() took 0 ms.
2025-12-09 13:55:38 [main] INFO  org.testng.internal.Utils - [Utils] MethodGroupsHelper.sortMethods() took 0 ms.
2025-12-09 13:55:38 [main] INFO  org.testng.internal.Utils - [TestNG] Running:
  C:\Users\JohnLloydGonzales\AppData\Local\Temp\testng-eclipse--1479708695\testng-customsuite.xml

2025-12-09 13:55:38 [main] INFO  org.testng.internal.Utils - [Utils] DynamicGraphHelper.createDynamicGraph() took 10 ms.
2025-12-09 13:55:52 [TestNG-PoolService-1] INFO  com.cheq.demo_webshop.hooks.Hooks - Starting scenario: Login
2025-12-09 13:55:53 [TestNG-PoolService-1] INFO  com.cheq.demo_webshop.utils.ElementActionUtils - Clicked on element: By.xpath: //a[text()='Log in']
2025-12-09 13:55:57 [TestNG-PoolService-1] INFO  com.cheq.demo_webshop.utils.ElementActionUtils - Entered text in element: By.id: Email123 - Text: fornis@email.com
2025-12-09 13:55:59 [TestNG-PoolService-1] INFO  com.cheq.demo_webshop.utils.ElementActionUtils - Entered text in element: By.id: Passwordiswrong - Text: james123
2025-12-09 13:56:01 [TestNG-PoolService-1] INFO  com.cheq.demo_webshop.utils.ElementActionUtils - Clicked on element: By.xpath: //input[@value='Log in']
2025-12-09 13:56:01 [TestNG-PoolService-1] INFO  com.cheq.demo_webshop.utils.ElementActionUtils - Element is displayed: By.cssSelector: .ico-logout
2025-12-09 13:56:03 [TestNG-PoolService-1] INFO  com.cheq.demo_webshop.utils.ElementActionUtils - Clicked on element: By.cssSelector: .ico-logout
2025-12-09 13:56:03 [TestNG-PoolService-1] INFO  com.cheq.demo_webshop.utils.ElementActionUtils - Element is displayed: By.cssSelector: .ico-login
2025-12-09 13:56:04 [main] INFO  org.testng.internal.Utils - [TestNG] Time taken by org.testng.reporters.jq.Main@1de30c31: 81 ms
2025-12-09 13:56:04 [main] INFO  org.testng.internal.Utils - [TestNG] Time taken by org.testng.reporters.FailedReporter@69d2fb0a: 2 ms
2025-12-09 13:56:04 [main] INFO  org.testng.internal.Utils - [TestNG] Time taken by org.testng.reporters.XMLReporter@2804b13f: 14 ms
2025-12-09 13:56:04 [main] INFO  org.testng.internal.Utils - [TestNG] Time taken by org.testng.reporters.EmailableReporter2@2f038d3c: 8 ms
2025-12-09 13:56:04 [main] INFO  org.testng.internal.Utils - [TestNG] Time taken by org.testng.reporters.JUnitReportReporter@a047bdb: 13 ms
2025-12-09 13:56:04 [main] INFO  org.testng.internal.Utils - [TestNG] Time taken by org.testng.internal.ExitCodeListener@14dbfdb1: 0 ms
