<?xml version="1.0" encoding="UTF-8"?>
<testng-results ignored="0" total="3" passed="3" failed="0" skipped="0">
  <reporter-output>
  </reporter-output>
  <suite started-at="2026-01-21T10:16:55 SGT" name="Surefire suite" finished-at="2026-01-21T10:17:03 SGT" duration-ms="8179">
    <groups>
      <group name="cucumber">
        <method signature="AbstractTestNGCucumberTests.runScenario(io.cucumber.testng.PickleWrapper,io.cucumber.testng.FeatureWrapper)[pri:0, instance:com.cheq.demo_webshop.testrunner.TestRunner@4b6e2263]" name="runScenario" class="io.cucumber.testng.AbstractTestNGCucumberTests"/>
      </group> <!-- cucumber -->
    </groups>
    <test started-at="2026-01-21T10:16:55 SGT" name="Surefire test" finished-at="2026-01-21T10:17:03 SGT" duration-ms="8179">
      <class name="com.cheq.demo_webshop.testrunner.TestRunner">
        <test-method is-config="true" signature="setUpClass(org.testng.ITestContext)[pri:0, instance:com.cheq.demo_webshop.testrunner.TestRunner@4b6e2263]" started-at="2026-01-21T10:16:55 SGT" name="setUpClass" finished-at="2026-01-21T10:16:55 SGT" duration-ms="528" status="PASS">
          <params>
            <param index="0">
              <value>
                <![CDATA[org.testng.TestRunner@112f364d]]>
              </value>
            </param>
          </params>
          <reporter-output>
          </reporter-output>
        </test-method> <!-- setUpClass -->
        <test-method signature="runScenario(io.cucumber.testng.PickleWrapper,io.cucumber.testng.FeatureWrapper)[pri:0, instance:com.cheq.demo_webshop.testrunner.TestRunner@4b6e2263]" started-at="2026-01-21T10:16:55 SGT" name="runScenario" description="Runs Cucumber Scenarios" data-provider="scenarios" finished-at="2026-01-21T10:17:03 SGT" duration-ms="7601" status="PASS">
          <params>
            <param index="0">
              <value>
                <![CDATA["Calculator add operation is working"]]>
              </value>
            </param>
            <param index="1">
              <value>
                <![CDATA["Test Calculator Operation"]]>
              </value>
            </param>
          </params>
          <reporter-output>
          </reporter-output>
        </test-method> <!-- runScenario -->
        <test-method signature="runScenario(io.cucumber.testng.PickleWrapper,io.cucumber.testng.FeatureWrapper)[pri:0, instance:com.cheq.demo_webshop.testrunner.TestRunner@4b6e2263]" started-at="2026-01-21T10:16:55 SGT" name="runScenario" description="Runs Cucumber Scenarios" data-provider="scenarios" finished-at="2026-01-21T10:17:02 SGT" duration-ms="7149" status="PASS">
          <params>
            <param index="0">
              <value>
                <![CDATA["Calculator dropdown option are selectable"]]>
              </value>
            </param>
            <param index="1">
              <value>
                <![CDATA["Check UI Elements visibility"]]>
              </value>
            </param>
          </params>
          <reporter-output>
          </reporter-output>
        </test-method> <!-- runScenario -->
        <test-method signature="runScenario(io.cucumber.testng.PickleWrapper,io.cucumber.testng.FeatureWrapper)[pri:0, instance:com.cheq.demo_webshop.testrunner.TestRunner@4b6e2263]" started-at="2026-01-21T10:16:55 SGT" name="runScenario" description="Runs Cucumber Scenarios" data-provider="scenarios" finished-at="2026-01-21T10:17:02 SGT" duration-ms="7151" status="PASS">
          <params>
            <param index="0">
              <value>
                <![CDATA["Calculator elements should be visible"]]>
              </value>
            </param>
            <param index="1">
              <value>
                <![CDATA["Check UI Elements visibility"]]>
              </value>
            </param>
          </params>
          <reporter-output>
          </reporter-output>
        </test-method> <!-- runScenario -->
        <test-method is-config="true" signature="tearDownClass()[pri:0, instance:com.cheq.demo_webshop.testrunner.TestRunner@4b6e2263]" started-at="2026-01-21T10:17:03 SGT" name="tearDownClass" finished-at="2026-01-21T10:17:03 SGT" duration-ms="2" status="PASS">
          <reporter-output>
          </reporter-output>
        </test-method> <!-- tearDownClass -->
      </class> <!-- com.cheq.demo_webshop.testrunner.TestRunner -->
    </test> <!-- Surefire test -->
  </suite> <!-- Surefire suite -->
</testng-results>
