<?xml version="1.0" encoding="UTF-8"?>
<testng-results ignored="0" total="1" passed="1" failed="0" skipped="0">
  <reporter-output>
  </reporter-output>
  <suite started-at="2025-12-09T13:55:38 PST" name="Default suite" finished-at="2025-12-09T13:56:04 PST" duration-ms="25550">
    <groups>
      <group name="cucumber">
        <method signature="AbstractTestNGCucumberTests.runScenario(io.cucumber.testng.PickleWrapper,io.cucumber.testng.FeatureWrapper)[pri:0, instance:com.cheq.demo_webshop.testrunner.TestRunner@2a8a3ada]" name="runScenario" class="io.cucumber.testng.AbstractTestNGCucumberTests"/>
      </group> <!-- cucumber -->
    </groups>
    <test started-at="2025-12-09T13:55:38 PST" name="Default test" finished-at="2025-12-09T13:56:04 PST" duration-ms="25550">
      <class name="com.cheq.demo_webshop.testrunner.TestRunner">
        <test-method is-config="true" signature="setUpClass(org.testng.ITestContext)[pri:0, instance:com.cheq.demo_webshop.testrunner.TestRunner@2a8a3ada]" started-at="2025-12-09T13:55:38 PST" name="setUpClass" finished-at="2025-12-09T13:55:40 PST" duration-ms="1662" status="PASS">
          <params>
            <param index="0">
              <value>
                <![CDATA[org.testng.TestRunner@1e5aacd9]]>
              </value>
            </param>
          </params>
          <reporter-output>
          </reporter-output>
        </test-method> <!-- setUpClass -->
        <test-method signature="runScenario(io.cucumber.testng.PickleWrapper,io.cucumber.testng.FeatureWrapper)[pri:0, instance:com.cheq.demo_webshop.testrunner.TestRunner@2a8a3ada]" started-at="2025-12-09T13:55:40 PST" name="runScenario" description="Runs Cucumber Scenarios" data-provider="scenarios" finished-at="2025-12-09T13:56:04 PST" duration-ms="23758" status="PASS">
          <params>
            <param index="0">
              <value>
                <![CDATA["Login"]]>
              </value>
            </param>
            <param index="1">
              <value>
                <![CDATA["Login Functionality"]]>
              </value>
            </param>
          </params>
          <reporter-output>
          </reporter-output>
        </test-method> <!-- runScenario -->
        <test-method is-config="true" signature="tearDownClass()[pri:0, instance:com.cheq.demo_webshop.testrunner.TestRunner@2a8a3ada]" started-at="2025-12-09T13:56:04 PST" name="tearDownClass" finished-at="2025-12-09T13:56:04 PST" duration-ms="6" status="PASS">
          <reporter-output>
          </reporter-output>
        </test-method> <!-- tearDownClass -->
      </class> <!-- com.cheq.demo_webshop.testrunner.TestRunner -->
    </test> <!-- Default test -->
  </suite> <!-- Default suite -->
</testng-results>
