<?xml version="1.0" encoding="UTF-8"?>
<!-- Generated by org.testng.reporters.JUnitReportReporter -->
<testsuite hostname="CHEQ-LAP-0362" failures="0" tests="3" name="com.cheq.demo_webshop.testrunner.TestRunner" time="21.901" errors="0" timestamp="2026-01-21T10:17:03 SGT" skipped="0">
  <testcase classname="com.cheq.demo_webshop.testrunner.TestRunner" name="runScenario" time="7.601"/>
  <testcase classname="com.cheq.demo_webshop.testrunner.TestRunner" name="runScenario" time="7.151"/>
  <testcase classname="com.cheq.demo_webshop.testrunner.TestRunner" name="runScenario" time="7.149"/>
</testsuite> <!-- com.cheq.demo_webshop.testrunner.TestRunner -->
